autoscan: warning: missing AC_CHECK_FUNCS([bzero]) wanted by: 
	jbsockets.c:1295
autoscan: warning: missing AC_CHECK_FUNCS([dup2]) wanted by: 
	errlog.c:375
	jcc.c:3632
	jcc.c:3645
autoscan: warning: missing AC_CHECK_FUNCS([localtime_r]) wanted by: 
	cgi.c:1475
	errlog.c:472
	errlog.c:539
	strptime.h:54
	strptime.h:56
	strptime.h:592
autoscan: warning: missing AC_CHECK_FUNCS([setenv]) wanted by: 
	filters.c:1780
autoscan: warning: missing AC_CHECK_FUNCS([strcasecmp]) wanted by: 
	filters.c:2450
	filters.c:2458
	filters.c:2470
	filters.c:2475
	filters.c:2480
	filters.c:2485
autoscan: warning: missing AC_CHECK_FUNCS([strncasecmp]) wanted by: 
	strptime.h:74
	strptime.h:80
	strptime.h:116
autoscan: warning: missing AC_CHECK_FUNCS([strpbrk]) wanted by: 
	loaders.c:1178
autoscan: warning: missing AC_CHECK_FUNCS([strstr]) wanted by: 
	cgiedit.c:2398
	cgisimple.c:867
	cgisimple.c:928
	cgisimple.c:1311
	cgisimple.c:1312
	cgisimple.c:1312
	errlog.c:160
	filters.c:1112
	filters.c:1115
	filters.c:1145
	filters.c:1150
	filters.c:1350
	filters.c:1350
	filters.c:1353
	filters.c:2095
	jcc.c:1383
	jcc.c:1485
	jcc.c:1498
	loadcfg.c:776
	parsers.c:794
	parsers.c:1642
	parsers.c:1758
	parsers.c:1763
	parsers.c:1976
	parsers.c:2011
	parsers.c:2108
	parsers.c:2180
	parsers.c:2180
	parsers.c:2181
	parsers.c:2182
	parsers.c:2186
	parsers.c:2252
	parsers.c:2252
	parsers.c:2252
	parsers.c:2267
	parsers.c:2318
	parsers.c:2337
	parsers.c:2342
	parsers.c:2347
	parsers.c:2362
	parsers.c:2363
	parsers.c:2364
	parsers.c:2365
	parsers.c:2780
	parsers.c:2997
	parsers.c:3570
	parsers.c:4225
	parsers.c:4591
	parsers.c:4592
	pcrs.c:1110
autoscan: warning: missing AC_CHECK_FUNCS([strtol]) wanted by: 
	cgi.c:831
	filters.c:429
	loadcfg.c:405
	parsers.c:3391
	parsers.c:4041
	urlmatch.c:389
	urlmatch.c:1454
	urlmatch.c:1460
autoscan: warning: missing AC_C_INLINE wanted by: 
	cgisimple.c:313
	errlog.c:108
	errlog.c:112
	errlog.c:116
	errlog.c:120
	errlog.c:130
	errlog.c:131
	errlog.c:132
	errlog.c:133
	errlog.c:458
	errlog.c:512
	errlog.c:583
autoscan: warning: missing AC_FUNC_FORK wanted by: 
	jcc.c:3587
	jcc.c:4172
autoscan: warning: missing AC_FUNC_MALLOC wanted by: 
	amiga.c:173
	amiga.c:234
	amiga.c:241
	encode.c:139
	encode.c:234
	encode.c:344
	encode.c:426
	filters.c:1092
	list.c:413
	list.c:528
	loaders.c:347
	miscutil.c:86
	miscutil.c:196
	miscutil.c:612
	miscutil.c:708
	miscutil.c:717
	miscutil.c:889
	miscutil.c:1093
	miscutil.c:1118
	miscutil.c:1142
	miscutil.c:1171
	parsers.c:2458
	pcrs.c:229
	pcrs.c:238
	pcrs.c:523
	pcrs.c:607
	pcrs.c:783
	pcrs.c:862
	w32log.c:410
	w32log.c:419
autoscan: warning: missing AC_FUNC_MKTIME wanted by: 
	miscutil.c:884
autoscan: warning: missing AC_FUNC_REALLOC wanted by: 
	amiga.c:226
	deanimate.c:101
	deanimate.c:294
	filters.c:1907
	loaders.c:430
	miscutil.c:464
	parsers.c:339
	parsers.c:343
	parsers.c:646
	pcrs.c:828
autoscan: warning: missing AC_PREREQ wanted by: 
	autoscan
autoscan: warning: missing AC_TYPE_SSIZE_T wanted by: 
	jbsockets.c:586
	jbsockets.h:47
autoscan: warning: missing AC_TYPE_UINT8_T wanted by: 
	filters.c:113
	filters.c:130
	filters.c:181
	filters.c:338
	filters.c:492
